<?xml version="1.0" encoding="UTF-8"?>
<testsuite xmlns:xsi="http://www.w3.org/2001/XMLSchema-instance" xsi:noNamespaceSchemaLocation="https://maven.apache.org/surefire/maven-surefire-plugin/xsd/surefire-test-report-3.0.xsd" version="3.0" name="com.rentcar.soap.AppTest" time="0.006" tests="1" errors="0" skipped="0" failures="0">
  <properties>
    <property name="sun.desktop" value="windows"/>
    <property name="awt.toolkit" value="sun.awt.windows.WToolkit"/>
    <property name="file.encoding.pkg" value="sun.io"/>
    <property name="java.specification.version" value="1.8"/>
    <property name="sun.cpu.isalist" value="pentium_pro+mmx pentium_pro pentium+mmx pentium i486 i386 i86"/>
    <property name="sun.jnu.encoding" value="Cp1252"/>
    <property name="java.class.path" value="C:\Users\Joaquin\Desktop\Nueva carpeta\mi-soap\target\test-classes;C:\Users\Joaquin\Desktop\Nueva carpeta\mi-soap\target\classes;C:\Users\Joaquin\.m2\repository\junit\junit\3.8.1\junit-3.8.1.jar;C:\Users\Joaquin\.m2\repository\com\sun\xml\ws\jaxws-rt\2.3.3\jaxws-rt-2.3.3.jar;C:\Users\Joaquin\.m2\repository\com\sun\xml\ws\policy\2.7.10\policy-2.7.10.jar;C:\Users\Joaquin\.m2\repository\com\sun\xml\bind\jaxb-impl\2.3.3\jaxb-impl-2.3.3.jar;C:\Users\Joaquin\.m2\repository\org\glassfish\ha\ha-api\3.1.12\ha-api-3.1.12.jar;C:\Users\Joaquin\.m2\repository\org\glassfish\external\management-api\3.2.2\management-api-3.2.2.jar;C:\Users\Joaquin\.m2\repository\org\glassfish\gmbal\gmbal\4.0.1\gmbal-4.0.1.jar;C:\Users\Joaquin\.m2\repository\org\glassfish\pfl\pfl-tf\4.1.0\pfl-tf-4.1.0.jar;C:\Users\Joaquin\.m2\repository\org\glassfish\pfl\pfl-basic\4.1.0\pfl-basic-4.1.0.jar;C:\Users\Joaquin\.m2\repository\org\jvnet\staxex\stax-ex\1.8.3\stax-ex-1.8.3.jar;C:\Users\Joaquin\.m2\repository\com\sun\xml\stream\buffer\streambuffer\1.5.9\streambuffer-1.5.9.jar;C:\Users\Joaquin\.m2\repository\org\jvnet\mimepull\mimepull\1.9.13\mimepull-1.9.13.jar;C:\Users\Joaquin\.m2\repository\com\sun\xml\fastinfoset\FastInfoset\1.2.18\FastInfoset-1.2.18.jar;C:\Users\Joaquin\.m2\repository\com\sun\activation\jakarta.activation\1.2.2\jakarta.activation-1.2.2.jar;C:\Users\Joaquin\.m2\repository\com\sun\xml\messaging\saaj\saaj-impl\1.5.2\saaj-impl-1.5.2.jar;C:\Users\Joaquin\.m2\repository\com\fasterxml\woodstox\woodstox-core\5.1.0\woodstox-core-5.1.0.jar;C:\Users\Joaquin\.m2\repository\org\codehaus\woodstox\stax2-api\4.1\stax2-api-4.1.jar;C:\Users\Joaquin\.m2\repository\jakarta\xml\ws\jakarta.xml.ws-api\2.3.3\jakarta.xml.ws-api-2.3.3.jar;C:\Users\Joaquin\.m2\repository\jakarta\xml\bind\jakarta.xml.bind-api\2.3.3\jakarta.xml.bind-api-2.3.3.jar;C:\Users\Joaquin\.m2\repository\jakarta\xml\soap\jakarta.xml.soap-api\1.4.2\jakarta.xml.soap-api-1.4.2.jar;C:\Users\Joaquin\.m2\repository\jakarta\jws\jakarta.jws-api\2.1.0\jakarta.jws-api-2.1.0.jar;C:\Users\Joaquin\.m2\repository\jakarta\annotation\jakarta.annotation-api\1.3.5\jakarta.annotation-api-1.3.5.jar;C:\Users\Joaquin\.m2\repository\mysql\mysql-connector-java\8.0.24\mysql-connector-java-8.0.24.jar;C:\Users\Joaquin\.m2\repository\com\google\protobuf\protobuf-java\3.11.4\protobuf-java-3.11.4.jar;"/>
    <property name="java.vm.vendor" value="Temurin"/>
    <property name="sun.arch.data.model" value="32"/>
    <property name="user.variant" value=""/>
    <property name="java.vendor.url" value="https://adoptium.net/"/>
    <property name="user.timezone" value="America/Santiago"/>
    <property name="java.vm.specification.version" value="1.8"/>
    <property name="os.name" value="Windows 10"/>
    <property name="user.country" value="CL"/>
    <property name="sun.java.launcher" value="SUN_STANDARD"/>
    <property name="sun.boot.library.path" value="C:\Program Files (x86)\Eclipse Adoptium\jdk-8.0.452.9-hotspot\jre\bin"/>
    <property name="sun.java.command" value="C:\Users\Joaquin\AppData\Local\Temp\surefire1390511897076138582\surefirebooter-20250426190100909_3.jar C:\Users\Joaquin\AppData\Local\Temp\surefire1390511897076138582 2025-04-26T19-01-00_684-jvmRun1 surefire-20250426190100909_1tmp surefire_0-20250426190100909_2tmp"/>
    <property name="surefire.test.class.path" value="C:\Users\Joaquin\Desktop\Nueva carpeta\mi-soap\target\test-classes;C:\Users\Joaquin\Desktop\Nueva carpeta\mi-soap\target\classes;C:\Users\Joaquin\.m2\repository\junit\junit\3.8.1\junit-3.8.1.jar;C:\Users\Joaquin\.m2\repository\com\sun\xml\ws\jaxws-rt\2.3.3\jaxws-rt-2.3.3.jar;C:\Users\Joaquin\.m2\repository\com\sun\xml\ws\policy\2.7.10\policy-2.7.10.jar;C:\Users\Joaquin\.m2\repository\com\sun\xml\bind\jaxb-impl\2.3.3\jaxb-impl-2.3.3.jar;C:\Users\Joaquin\.m2\repository\org\glassfish\ha\ha-api\3.1.12\ha-api-3.1.12.jar;C:\Users\Joaquin\.m2\repository\org\glassfish\external\management-api\3.2.2\management-api-3.2.2.jar;C:\Users\Joaquin\.m2\repository\org\glassfish\gmbal\gmbal\4.0.1\gmbal-4.0.1.jar;C:\Users\Joaquin\.m2\repository\org\glassfish\pfl\pfl-tf\4.1.0\pfl-tf-4.1.0.jar;C:\Users\Joaquin\.m2\repository\org\glassfish\pfl\pfl-basic\4.1.0\pfl-basic-4.1.0.jar;C:\Users\Joaquin\.m2\repository\org\jvnet\staxex\stax-ex\1.8.3\stax-ex-1.8.3.jar;C:\Users\Joaquin\.m2\repository\com\sun\xml\stream\buffer\streambuffer\1.5.9\streambuffer-1.5.9.jar;C:\Users\Joaquin\.m2\repository\org\jvnet\mimepull\mimepull\1.9.13\mimepull-1.9.13.jar;C:\Users\Joaquin\.m2\repository\com\sun\xml\fastinfoset\FastInfoset\1.2.18\FastInfoset-1.2.18.jar;C:\Users\Joaquin\.m2\repository\com\sun\activation\jakarta.activation\1.2.2\jakarta.activation-1.2.2.jar;C:\Users\Joaquin\.m2\repository\com\sun\xml\messaging\saaj\saaj-impl\1.5.2\saaj-impl-1.5.2.jar;C:\Users\Joaquin\.m2\repository\com\fasterxml\woodstox\woodstox-core\5.1.0\woodstox-core-5.1.0.jar;C:\Users\Joaquin\.m2\repository\org\codehaus\woodstox\stax2-api\4.1\stax2-api-4.1.jar;C:\Users\Joaquin\.m2\repository\jakarta\xml\ws\jakarta.xml.ws-api\2.3.3\jakarta.xml.ws-api-2.3.3.jar;C:\Users\Joaquin\.m2\repository\jakarta\xml\bind\jakarta.xml.bind-api\2.3.3\jakarta.xml.bind-api-2.3.3.jar;C:\Users\Joaquin\.m2\repository\jakarta\xml\soap\jakarta.xml.soap-api\1.4.2\jakarta.xml.soap-api-1.4.2.jar;C:\Users\Joaquin\.m2\repository\jakarta\jws\jakarta.jws-api\2.1.0\jakarta.jws-api-2.1.0.jar;C:\Users\Joaquin\.m2\repository\jakarta\annotation\jakarta.annotation-api\1.3.5\jakarta.annotation-api-1.3.5.jar;C:\Users\Joaquin\.m2\repository\mysql\mysql-connector-java\8.0.24\mysql-connector-java-8.0.24.jar;C:\Users\Joaquin\.m2\repository\com\google\protobuf\protobuf-java\3.11.4\protobuf-java-3.11.4.jar;"/>
    <property name="sun.cpu.endian" value="little"/>
    <property name="user.home" value="C:\Users\Joaquin"/>
    <property name="user.language" value="es"/>
    <property name="java.specification.vendor" value="Oracle Corporation"/>
    <property name="java.home" value="C:\Program Files (x86)\Eclipse Adoptium\jdk-8.0.452.9-hotspot\jre"/>
    <property name="basedir" value="C:\Users\Joaquin\Desktop\Nueva carpeta\mi-soap"/>
    <property name="file.separator" value="\"/>
    <property name="line.separator" value="&#10;"/>
    <property name="java.vm.specification.vendor" value="Oracle Corporation"/>
    <property name="java.specification.name" value="Java Platform API Specification"/>
    <property name="java.awt.graphicsenv" value="sun.awt.Win32GraphicsEnvironment"/>
    <property name="surefire.real.class.path" value="C:\Users\Joaquin\AppData\Local\Temp\surefire1390511897076138582\surefirebooter-20250426190100909_3.jar"/>
    <property name="sun.boot.class.path" value="C:\Program Files (x86)\Eclipse Adoptium\jdk-8.0.452.9-hotspot\jre\lib\resources.jar;C:\Program Files (x86)\Eclipse Adoptium\jdk-8.0.452.9-hotspot\jre\lib\rt.jar;C:\Program Files (x86)\Eclipse Adoptium\jdk-8.0.452.9-hotspot\jre\lib\sunrsasign.jar;C:\Program Files (x86)\Eclipse Adoptium\jdk-8.0.452.9-hotspot\jre\lib\jsse.jar;C:\Program Files (x86)\Eclipse Adoptium\jdk-8.0.452.9-hotspot\jre\lib\jce.jar;C:\Program Files (x86)\Eclipse Adoptium\jdk-8.0.452.9-hotspot\jre\lib\charsets.jar;C:\Program Files (x86)\Eclipse Adoptium\jdk-8.0.452.9-hotspot\jre\lib\jfr.jar;C:\Program Files (x86)\Eclipse Adoptium\jdk-8.0.452.9-hotspot\jre\classes"/>
    <property name="user.script" value=""/>
    <property name="sun.management.compiler" value="HotSpot Client Compiler"/>
    <property name="java.runtime.version" value="1.8.0_452-b09"/>
    <property name="user.name" value="Joaquin"/>
    <property name="path.separator" value=";"/>
    <property name="os.version" value="10.0"/>
    <property name="java.endorsed.dirs" value="C:\Program Files (x86)\Eclipse Adoptium\jdk-8.0.452.9-hotspot\jre\lib\endorsed"/>
    <property name="java.runtime.name" value="OpenJDK Runtime Environment"/>
    <property name="file.encoding" value="Cp1252"/>
    <property name="java.vm.name" value="OpenJDK Client VM"/>
    <property name="localRepository" value="C:\Users\Joaquin\.m2\repository"/>
    <property name="java.vendor.url.bug" value="https://github.com/adoptium/adoptium-support/issues"/>
    <property name="java.io.tmpdir" value="C:\Users\Joaquin\AppData\Local\Temp\"/>
    <property name="java.version" value="1.8.0_452"/>
    <property name="user.dir" value="C:\Users\Joaquin\Desktop\Nueva carpeta\mi-soap"/>
    <property name="os.arch" value="x86"/>
    <property name="java.vm.specification.name" value="Java Virtual Machine Specification"/>
    <property name="java.awt.printerjob" value="sun.awt.windows.WPrinterJob"/>
    <property name="sun.os.patch.level" value=""/>
    <property name="java.library.path" value="C:\Program Files (x86)\Eclipse Adoptium\jdk-8.0.452.9-hotspot\jre\bin;C:\Windows\Sun\Java\bin;C:\Windows\system32;C:\Windows;C:\Program Files (x86)\Eclipse Adoptium\jdk-8.0.452.9-hotspot\bin;C:\Windows\system32;C:\Windows;C:\Windows\System32\Wbem;C:\Windows\System32\WindowsPowerShell\v1.0\;C:\Windows\System32\OpenSSH\;C:\Program Files\NVIDIA Corporation\NVIDIA app\NvDLISR;C:\Program Files (x86)\NVIDIA Corporation\PhysX\Common;C:\Program Files\Apache\Maven\apache-maven-3.9.9\bin;C:\Program Files\MySQL\MySQL Server 8.0\bin;C:\Program Files\nodejs\;C:\Program Files\MySQL\MySQL Shell 8.0\bin\;C:\Users\Joaquin\AppData\Local\Microsoft\WindowsApps;C:\Program Files\Apache\Maven\apache-maven-3.9.9\bin;C:\Users\Joaquin\AppData\Local\Programs\Microsoft VS Code\bin;C:\Users\Joaquin\AppData\Roaming\npm;."/>
    <property name="java.vm.info" value="mixed mode"/>
    <property name="java.vendor" value="Temurin"/>
    <property name="java.vm.version" value="25.452-b09"/>
    <property name="java.specification.maintenance.version" value="6"/>
    <property name="java.ext.dirs" value="C:\Program Files (x86)\Eclipse Adoptium\jdk-8.0.452.9-hotspot\jre\lib\ext;C:\Windows\Sun\Java\lib\ext"/>
    <property name="sun.io.unicode.encoding" value="UnicodeLittle"/>
    <property name="java.class.version" value="52.0"/>
  </properties>
  <testcase name="testApp" classname="com.rentcar.soap.AppTest" time="0.001"/>
</testsuite>